<?xml version="1.0" encoding="UTF-8"?>
<testng-results ignored="0" total="1" passed="1" failed="0" skipped="0">
  <reporter-output>
  </reporter-output>
  <suite started-at="2022-06-12T22:28:41 IST" name="Default suite" finished-at="2022-06-12T22:28:41 IST" duration-ms="75">
    <groups>
    </groups>
    <test started-at="2022-06-12T22:28:41 IST" name="Default test" finished-at="2022-06-12T22:28:41 IST" duration-ms="75">
      <class name="EX97_115a_StreamJava2">
        <test-method signature="stream()[pri:0, instance:EX97_115a_StreamJava2@33990a0c]" started-at="2022-06-12T22:28:41 IST" name="stream" finished-at="2022-06-12T22:28:41 IST" duration-ms="15" status="PASS">
          <reporter-output>
          </reporter-output>
        </test-method> <!-- stream -->
      </class> <!-- EX97_115a_StreamJava2 -->
    </test> <!-- Default test -->
  </suite> <!-- Default suite -->
</testng-results>
